# JRE version: Java(TM) SE Runtime Environment (8.0_40-b25) (build 1.8.0_40-b25)
# Java VM: Java HotSpot(TM) 64-Bit Server VM (25.40-b25 mixed mode windows-amd64 compressed oops)
Heap:
 PSYoungGen      total 45568K, used 29308K [0x00000000eb180000, 0x00000000ee080000, 0x0000000100000000)
  eden space 43008K, 67% used [0x00000000eb180000,0x00000000ece0f128,0x00000000edb80000)
  from space 2560K, 2% used [0x00000000edb80000,0x00000000edb90000,0x00000000ede00000)
  to   space 2560K, 0% used [0x00000000ede00000,0x00000000ede00000,0x00000000ee080000)
 ParOldGen       total 44032K, used 9853K [0x00000000c1400000, 0x00000000c3f00000, 0x00000000eb180000)
  object space 44032K, 22% used [0x00000000c1400000,0x00000000c1d9f558,0x00000000c3f00000)
 Metaspace       used 11743K, capacity 11918K, committed 12032K, reserved 1060864K
  class space    used 1400K, capacity 1479K, committed 1536K, reserved 1048576K
GC Heap History (10 events):
Event: 76.066 GC heap before
{Heap before GC invocations=28 (full 0):
 PSYoungGen      total 35328K, used 32896K [0x00000000eb180000, 0x00000000ed680000, 0x0000000100000000)
  eden space 32768K, 100% used [0x00000000eb180000,0x00000000ed180000,0x00000000ed180000)
  from space 2560K, 5% used [0x00000000ed180000,0x00000000ed1a0000,0x00000000ed400000)
  to   space 2560K, 0% used [0x00000000ed400000,0x00000000ed400000,0x00000000ed680000)
 ParOldGen       total 44032K, used 9397K [0x00000000c1400000, 0x00000000c3f00000, 0x00000000eb180000)
  object space 44032K, 21% used [0x00000000c1400000,0x00000000c1d2d558,0x00000000c3f00000)
 Metaspace       used 11743K, capacity 11918K, committed 12032K, reserved 1060864K
  class space    used 1400K, capacity 1479K, committed 1536K, reserved 1048576K
Event: 76.067 GC heap after
Heap after GC invocations=28 (full 0):
 PSYoungGen      total 35328K, used 96K [0x00000000eb180000, 0x00000000ed680000, 0x0000000100000000)
  eden space 32768K, 0% used [0x00000000eb180000,0x00000000eb180000,0x00000000ed180000)
  from space 2560K, 3% used [0x00000000ed400000,0x00000000ed418000,0x00000000ed680000)
  to   space 2560K, 0% used [0x00000000ed180000,0x00000000ed180000,0x00000000ed400000)
 ParOldGen       total 44032K, used 9509K [0x00000000c1400000, 0x00000000c3f00000, 0x00000000eb180000)
  object space 44032K, 21% used [0x00000000c1400000,0x00000000c1d49558,0x00000000c3f00000)
 Metaspace       used 11743K, capacity 11918K, committed 12032K, reserved 1060864K
  class space    used 1400K, capacity 1479K, committed 1536K, reserved 1048576K
}
Event: 76.127 GC heap before
{Heap before GC invocations=29 (full 0):
 PSYoungGen      total 35328K, used 32864K [0x00000000eb180000, 0x00000000ed680000, 0x0000000100000000)
  eden space 32768K, 100% used [0x00000000eb180000,0x00000000ed180000,0x00000000ed180000)
  from space 2560K, 3% used [0x00000000ed400000,0x00000000ed418000,0x00000000ed680000)
  to   space 2560K, 0% used [0x00000000ed180000,0x00000000ed180000,0x00000000ed400000)
 ParOldGen       total 44032K, used 9509K [0x00000000c1400000, 0x00000000c3f00000, 0x00000000eb180000)
  object space 44032K, 21% used [0x00000000c1400000,0x00000000c1d49558,0x00000000c3f00000)
 Metaspace       used 11743K, capacity 11918K, committed 12032K, reserved 1060864K
  class space    used 1400K, capacity 1479K, committed 1536K, reserved 1048576K
Event: 76.128 GC heap after
Heap after GC invocations=29 (full 0):
 PSYoungGen      total 35328K, used 160K [0x00000000eb180000, 0x00000000ed680000, 0x0000000100000000)
  eden space 32768K, 0% used [0x00000000eb180000,0x00000000eb180000,0x00000000ed180000)
  from space 2560K, 6% used [0x00000000ed180000,0x00000000ed1a8000,0x00000000ed400000)
  to   space 2560K, 0% used [0x00000000ed400000,0x00000000ed400000,0x00000000ed680000)
 ParOldGen       total 44032K, used 9525K [0x00000000c1400000, 0x00000000c3f00000, 0x00000000eb180000)
  object space 44032K, 21% used [0x00000000c1400000,0x00000000c1d4d558,0x00000000c3f00000)
 Metaspace       used 11743K, capacity 11918K, committed 12032K, reserved 1060864K
  class space    used 1400K, capacity 1479K, committed 1536K, reserved 1048576K
}
Event: 76.183 GC heap before
{Heap before GC invocations=30 (full 0):
 PSYoungGen      total 35328K, used 32928K [0x00000000eb180000, 0x00000000ed680000, 0x0000000100000000)
  eden space 32768K, 100% used [0x00000000eb180000,0x00000000ed180000,0x00000000ed180000)
  from space 2560K, 6% used [0x00000000ed180000,0x00000000ed1a8000,0x00000000ed400000)
  to   space 2560K, 0% used [0x00000000ed400000,0x00000000ed400000,0x00000000ed680000)
 ParOldGen       total 44032K, used 9525K [0x00000000c1400000, 0x00000000c3f00000, 0x00000000eb180000)
  object space 44032K, 21% used [0x00000000c1400000,0x00000000c1d4d558,0x00000000c3f00000)
 Metaspace       used 11743K, capacity 11918K, committed 12032K, reserved 1060864K
  class space    used 1400K, capacity 1479K, committed 1536K, reserved 1048576K
Event: 76.184 GC heap after
Heap after GC invocations=30 (full 0):
 PSYoungGen      total 35328K, used 64K [0x00000000eb180000, 0x00000000ee080000, 0x0000000100000000)
  eden space 32768K, 0% used [0x00000000eb180000,0x00000000eb180000,0x00000000ed180000)
  from space 2560K, 2% used [0x00000000ed400000,0x00000000ed410000,0x00000000ed680000)
  to   space 2560K, 0% used [0x00000000ed180000,0x00000000ed180000,0x00000000ed400000)
 ParOldGen       total 44032K, used 9629K [0x00000000c1400000, 0x00000000c3f00000, 0x00000000eb180000)
  object space 44032K, 21% used [0x00000000c1400000,0x00000000c1d67558,0x00000000c3f00000)
 Metaspace       used 11743K, capacity 11918K, committed 12032K, reserved 1060864K
  class space    used 1400K, capacity 1479K, committed 1536K, reserved 1048576K
}
Event: 76.233 GC heap before
{Heap before GC invocations=31 (full 0):
 PSYoungGen      total 35328K, used 32832K [0x00000000eb180000, 0x00000000ee080000, 0x0000000100000000)
  eden space 32768K, 100% used [0x00000000eb180000,0x00000000ed180000,0x00000000ed180000)
  from space 2560K, 2% used [0x00000000ed400000,0x00000000ed410000,0x00000000ed680000)
  to   space 2560K, 0% used [0x00000000ed180000,0x00000000ed180000,0x00000000ed400000)
 ParOldGen       total 44032K, used 9629K [0x00000000c1400000, 0x00000000c3f00000, 0x00000000eb180000)
  object space 44032K, 21% used [0x00000000c1400000,0x00000000c1d67558,0x00000000c3f00000)
 Metaspace       used 11743K, capacity 11918K, committed 12032K, reserved 1060864K
  class space    used 1400K, capacity 1479K, committed 1536K, reserved 1048576K
Event: 76.234 GC heap after
Heap after GC invocations=31 (full 0):
 PSYoungGen      total 35328K, used 160K [0x00000000eb180000, 0x00000000ee080000, 0x0000000100000000)
  eden space 32768K, 0% used [0x00000000eb180000,0x00000000eb180000,0x00000000ed180000)
  from space 2560K, 6% used [0x00000000ed180000,0x00000000ed1a8000,0x00000000ed400000)
  to   space 2560K, 0% used [0x00000000ede00000,0x00000000ede00000,0x00000000ee080000)
 ParOldGen       total 44032K, used 9637K [0x00000000c1400000, 0x00000000c3f00000, 0x00000000eb180000)
  object space 44032K, 21% used [0x00000000c1400000,0x00000000c1d69558,0x00000000c3f00000)
 Metaspace       used 11743K, capacity 11918K, committed 12032K, reserved 1060864K
  class space    used 1400K, capacity 1479K, committed 1536K, reserved 1048576K
}
Event: 76.299 GC heap before
{Heap before GC invocations=32 (full 0):
 PSYoungGen      total 35328K, used 32928K [0x00000000eb180000, 0x00000000ee080000, 0x0000000100000000)
  eden space 32768K, 100% used [0x00000000eb180000,0x00000000ed180000,0x00000000ed180000)
  from space 2560K, 6% used [0x00000000ed180000,0x00000000ed1a8000,0x00000000ed400000)
  to   space 2560K, 0% used [0x00000000ede00000,0x00000000ede00000,0x00000000ee080000)
 ParOldGen       total 44032K, used 9637K [0x00000000c1400000, 0x00000000c3f00000, 0x00000000eb180000)
  object space 44032K, 21% used [0x00000000c1400000,0x00000000c1d69558,0x00000000c3f00000)
 Metaspace       used 11743K, capacity 11918K, committed 12032K, reserved 1060864K
  class space    used 1400K, capacity 1479K, committed 1536K, reserved 1048576K
Event: 76.300 GC heap after
Heap after GC invocations=32 (full 0):
 PSYoungGen      total 45568K, used 160K [0x00000000eb180000, 0x00000000ee080000, 0x0000000100000000)
  eden space 43008K, 0% used [0x00000000eb180000,0x00000000eb180000,0x00000000edb80000)
  from space 2560K, 6% used [0x00000000ede00000,0x00000000ede28000,0x00000000ee080000)
  to   space 2560K, 0% used [0x00000000edb80000,0x00000000edb80000,0x00000000ede00000)
 ParOldGen       total 44032K, used 9749K [0x00000000c1400000, 0x00000000c3f00000, 0x00000000eb180000)
  object space 44032K, 22% used [0x00000000c1400000,0x00000000c1d85558,0x00000000c3f00000)
 Metaspace       used 11743K, capacity 11918K, committed 12032K, reserved 1060864K
  class space    used 1400K, capacity 1479K, committed 1536K, reserved 1048576K
}

